# JRE version: OpenJDK Runtime Environment (16.0.1+9) (build 16.0.1+9-24)
# Java VM: OpenJDK 64-Bit Server VM (16.0.1+9-24, mixed mode, tiered, compressed oops, compressed class ptrs, g1 gc, windows-amd64)
GC Precious Log:
 CPUs: 4 total, 4 available
 Memory: 3699M
 Large Page Support: Disabled
 NUMA Support: Disabled
 Compressed Oops: Enabled (32-bit)
 Heap Region Size: 1M
 Heap Min Capacity: 8M
 Heap Initial Capacity: 58M
 Heap Max Capacity: 926M
 Pre-touch: Disabled
 Parallel Workers: 4
 Concurrent Workers: 1
 Concurrent Refinement Workers: 4
 Periodic GC: Disabled
Heap:
 garbage-first heap   total 70656K, used 31018K [0x00000000c6200000, 0x0000000100000000)
  region size 1024K, 3 young (3072K), 3 survivors (3072K)
 Metaspace       used 57666K, committed 58112K, reserved 1105920K
  class space    used 6816K, committed 7040K, reserved 1048576K
GC Heap History (20 events):
Event: 4.851 GC heap after
{Heap after GC invocations=9 (full 0):
 garbage-first heap   total 58368K, used 16848K [0x00000000c6200000, 0x0000000100000000)
  region size 1024K, 3 young (3072K), 3 survivors (3072K)
 Metaspace       used 32432K, committed 32704K, reserved 1081344K
  class space    used 3688K, committed 3840K, reserved 1048576K
}
Event: 6.180 GC heap before
{Heap before GC invocations=9 (full 0):
 garbage-first heap   total 58368K, used 38352K [0x00000000c6200000, 0x0000000100000000)
  region size 1024K, 25 young (25600K), 3 survivors (3072K)
 Metaspace       used 35562K, committed 35776K, reserved 1081344K
  class space    used 4099K, committed 4224K, reserved 1048576K
}
Event: 6.189 GC heap after
{Heap after GC invocations=10 (full 0):
 garbage-first heap   total 58368K, used 18436K [0x00000000c6200000, 0x0000000100000000)
  region size 1024K, 3 young (3072K), 3 survivors (3072K)
 Metaspace       used 35562K, committed 35776K, reserved 1081344K
  class space    used 4099K, committed 4224K, reserved 1048576K
}
Event: 7.008 GC heap before
{Heap before GC invocations=11 (full 0):
 garbage-first heap   total 58368K, used 44036K [0x00000000c6200000, 0x0000000100000000)
  region size 1024K, 28 young (28672K), 3 survivors (3072K)
 Metaspace       used 40022K, committed 40384K, reserved 1089536K
  class space    used 4687K, committed 4864K, reserved 1048576K
}
Event: 7.020 GC heap after
{Heap after GC invocations=12 (full 0):
 garbage-first heap   total 58368K, used 20416K [0x00000000c6200000, 0x0000000100000000)
  region size 1024K, 4 young (4096K), 4 survivors (4096K)
 Metaspace       used 40022K, committed 40384K, reserved 1089536K
  class space    used 4687K, committed 4864K, reserved 1048576K
}
Event: 7.523 GC heap before
{Heap before GC invocations=12 (full 0):
 garbage-first heap   total 58368K, used 43968K [0x00000000c6200000, 0x0000000100000000)
  region size 1024K, 27 young (27648K), 4 survivors (4096K)
 Metaspace       used 42744K, committed 43008K, reserved 1089536K
  class space    used 4959K, committed 5056K, reserved 1048576K
}
Event: 7.536 GC heap after
{Heap after GC invocations=13 (full 0):
 garbage-first heap   total 58368K, used 21701K [0x00000000c6200000, 0x0000000100000000)
  region size 1024K, 2 young (2048K), 2 survivors (2048K)
 Metaspace       used 42744K, committed 43008K, reserved 1089536K
  class space    used 4959K, committed 5056K, reserved 1048576K
}
Event: 7.893 GC heap before
{Heap before GC invocations=13 (full 0):
 garbage-first heap   total 58368K, used 45253K [0x00000000c6200000, 0x0000000100000000)
  region size 1024K, 25 young (25600K), 2 survivors (2048K)
 Metaspace       used 43958K, committed 44288K, reserved 1089536K
  class space    used 5092K, committed 5248K, reserved 1048576K
}
Event: 7.897 GC heap after
{Heap after GC invocations=14 (full 0):
 garbage-first heap   total 70656K, used 22477K [0x00000000c6200000, 0x0000000100000000)
  region size 1024K, 3 young (3072K), 3 survivors (3072K)
 Metaspace       used 43958K, committed 44288K, reserved 1089536K
  class space    used 5092K, committed 5248K, reserved 1048576K
}
Event: 8.525 GC heap before
{Heap before GC invocations=14 (full 0):
 garbage-first heap   total 70656K, used 55245K [0x00000000c6200000, 0x0000000100000000)
  region size 1024K, 35 young (35840K), 3 survivors (3072K)
 Metaspace       used 48060K, committed 48448K, reserved 1097728K
  class space    used 5703K, committed 5888K, reserved 1048576K
}
Event: 8.532 GC heap after
{Heap after GC invocations=15 (full 0):
 garbage-first heap   total 70656K, used 24926K [0x00000000c6200000, 0x0000000100000000)
  region size 1024K, 5 young (5120K), 5 survivors (5120K)
 Metaspace       used 48060K, committed 48448K, reserved 1097728K
  class space    used 5703K, committed 5888K, reserved 1048576K
}
Event: 8.822 GC heap before
{Heap before GC invocations=15 (full 0):
 garbage-first heap   total 70656K, used 55646K [0x00000000c6200000, 0x0000000100000000)
  region size 1024K, 35 young (35840K), 5 survivors (5120K)
 Metaspace       used 49090K, committed 49408K, reserved 1097728K
  class space    used 5851K, committed 6016K, reserved 1048576K
}
Event: 8.829 GC heap after
{Heap after GC invocations=16 (full 0):
 garbage-first heap   total 70656K, used 26107K [0x00000000c6200000, 0x0000000100000000)
  region size 1024K, 2 young (2048K), 2 survivors (2048K)
 Metaspace       used 49090K, committed 49408K, reserved 1097728K
  class space    used 5851K, committed 6016K, reserved 1048576K
}
Event: 9.168 GC heap before
{Heap before GC invocations=16 (full 0):
 garbage-first heap   total 70656K, used 55803K [0x00000000c6200000, 0x0000000100000000)
  region size 1024K, 31 young (31744K), 2 survivors (2048K)
 Metaspace       used 49975K, committed 50304K, reserved 1097728K
  class space    used 5942K, committed 6080K, reserved 1048576K
}
Event: 9.172 GC heap after
{Heap after GC invocations=17 (full 0):
 garbage-first heap   total 70656K, used 26850K [0x00000000c6200000, 0x0000000100000000)
  region size 1024K, 3 young (3072K), 3 survivors (3072K)
 Metaspace       used 49975K, committed 50304K, reserved 1097728K
  class space    used 5942K, committed 6080K, reserved 1048576K
}
Event: 9.549 GC heap before
{Heap before GC invocations=17 (full 0):
 garbage-first heap   total 70656K, used 56546K [0x00000000c6200000, 0x0000000100000000)
  region size 1024K, 32 young (32768K), 3 survivors (3072K)
 Metaspace       used 52443K, committed 52800K, reserved 1097728K
  class space    used 6192K, committed 6336K, reserved 1048576K
}
Event: 9.558 GC heap after
{Heap after GC invocations=18 (full 0):
 garbage-first heap   total 70656K, used 28758K [0x00000000c6200000, 0x0000000100000000)
  region size 1024K, 4 young (4096K), 4 survivors (4096K)
 Metaspace       used 52443K, committed 52800K, reserved 1097728K
  class space    used 6192K, committed 6336K, reserved 1048576K
}
Event: 9.879 GC heap before
{Heap before GC invocations=18 (full 0):
 garbage-first heap   total 70656K, used 56406K [0x00000000c6200000, 0x0000000100000000)
  region size 1024K, 31 young (31744K), 4 survivors (4096K)
 Metaspace       used 54353K, committed 54720K, reserved 1097728K
  class space    used 6434K, committed 6656K, reserved 1048576K
}
Event: 9.885 GC heap after
{Heap after GC invocations=19 (full 0):
 garbage-first heap   total 70656K, used 29766K [0x00000000c6200000, 0x0000000100000000)
  region size 1024K, 4 young (4096K), 4 survivors (4096K)
 Metaspace       used 54353K, committed 54720K, reserved 1097728K
  class space    used 6434K, committed 6656K, reserved 1048576K
}
Event: 10.680 GC heap before
{Heap before GC invocations=19 (full 0):
 garbage-first heap   total 70656K, used 56390K [0x00000000c6200000, 0x0000000100000000)
  region size 1024K, 30 young (30720K), 4 survivors (4096K)
 Metaspace       used 57666K, committed 58112K, reserved 1105920K
  class space    used 6816K, committed 7040K, reserved 1048576K
}

