# JRE version: OpenJDK Runtime Environment (16.0.1+9) (build 16.0.1+9-24)
# Java VM: OpenJDK 64-Bit Server VM (16.0.1+9-24, mixed mode, tiered, compressed oops, compressed class ptrs, g1 gc, windows-amd64)
GC Precious Log:
 CPUs: 4 total, 4 available
 Memory: 3699M
 Large Page Support: Disabled
 NUMA Support: Disabled
 Compressed Oops: Enabled (32-bit)
 Heap Region Size: 1M
 Heap Min Capacity: 8M
 Heap Initial Capacity: 58M
 Heap Max Capacity: 926M
 Pre-touch: Disabled
 Parallel Workers: 4
 Concurrent Workers: 1
 Concurrent Refinement Workers: 4
 Periodic GC: Disabled
Heap:
 garbage-first heap   total 48128K, used 35135K [0x00000000c6200000, 0x0000000100000000)
  region size 1024K, 27 young (27648K), 3 survivors (3072K)
 Metaspace       used 24993K, committed 25280K, reserved 1073152K
  class space    used 2806K, committed 2944K, reserved 1048576K
GC Heap History (8 events):
Event: 1.100 GC heap before
{Heap before GC invocations=0 (full 0):
 garbage-first heap   total 59392K, used 13312K [0x00000000c6200000, 0x0000000100000000)
  region size 1024K, 13 young (13312K), 0 survivors (0K)
 Metaspace       used 8600K, committed 8704K, reserved 1056768K
  class space    used 729K, committed 768K, reserved 1048576K
}
Event: 1.109 GC heap after
{Heap after GC invocations=1 (full 0):
 garbage-first heap   total 59392K, used 8873K [0x00000000c6200000, 0x0000000100000000)
  region size 1024K, 2 young (2048K), 2 survivors (2048K)
 Metaspace       used 8600K, committed 8704K, reserved 1056768K
  class space    used 729K, committed 768K, reserved 1048576K
}
Event: 1.458 GC heap before
{Heap before GC invocations=1 (full 0):
 garbage-first heap   total 59392K, used 18089K [0x00000000c6200000, 0x0000000100000000)
  region size 1024K, 11 young (11264K), 2 survivors (2048K)
 Metaspace       used 11960K, committed 12096K, reserved 1064960K
  class space    used 1125K, committed 1216K, reserved 1048576K
}
Event: 1.463 GC heap after
{Heap after GC invocations=2 (full 0):
 garbage-first heap   total 59392K, used 10284K [0x00000000c6200000, 0x0000000100000000)
  region size 1024K, 2 young (2048K), 2 survivors (2048K)
 Metaspace       used 11960K, committed 12096K, reserved 1064960K
  class space    used 1125K, committed 1216K, reserved 1048576K
}
Event: 2.054 GC heap before
{Heap before GC invocations=2 (full 0):
 garbage-first heap   total 59392K, used 24620K [0x00000000c6200000, 0x0000000100000000)
  region size 1024K, 16 young (16384K), 2 survivors (2048K)
 Metaspace       used 16957K, committed 17216K, reserved 1064960K
  class space    used 1755K, committed 1856K, reserved 1048576K
}
Event: 2.059 GC heap after
{Heap after GC invocations=3 (full 0):
 garbage-first heap   total 59392K, used 11651K [0x00000000c6200000, 0x0000000100000000)
  region size 1024K, 2 young (2048K), 2 survivors (2048K)
 Metaspace       used 16957K, committed 17216K, reserved 1064960K
  class space    used 1755K, committed 1856K, reserved 1048576K
}
Event: 2.563 GC heap before
{Heap before GC invocations=3 (full 0):
 garbage-first heap   total 59392K, used 25987K [0x00000000c6200000, 0x0000000100000000)
  region size 1024K, 18 young (18432K), 2 survivors (2048K)
 Metaspace       used 21046K, committed 21248K, reserved 1073152K
  class space    used 2341K, committed 2432K, reserved 1048576K
}
Event: 2.568 GC heap after
{Heap after GC invocations=4 (full 0):
 garbage-first heap   total 59392K, used 12607K [0x00000000c6200000, 0x0000000100000000)
  region size 1024K, 3 young (3072K), 3 survivors (3072K)
 Metaspace       used 21046K, committed 21248K, reserved 1073152K
  class space    used 2341K, committed 2432K, reserved 1048576K
}

